[0.341s] Invoking command in '/home/tomiyama/ros2_ws/src/mypkg': PYTHONPATH=/home/tomiyama/ros2_ws/src/mypkg/install/mypkg/lib/python3.6/site-packages:${PYTHONPATH} /usr/bin/python3 setup.py egg_info --egg-base build/mypkg build --build-base /home/tomiyama/ros2_ws/src/mypkg/build/mypkg/build install --prefix /home/tomiyama/ros2_ws/src/mypkg/install/mypkg --record /home/tomiyama/ros2_ws/src/mypkg/build/mypkg/install.log --single-version-externally-managed
[0.467s] running egg_info
[0.467s] writing build/mypkg/mypkg.egg-info/PKG-INFO
[0.468s] writing dependency_links to build/mypkg/mypkg.egg-info/dependency_links.txt
[0.468s] writing entry points to build/mypkg/mypkg.egg-info/entry_points.txt
[0.468s] writing requirements to build/mypkg/mypkg.egg-info/requires.txt
[0.468s] writing top-level names to build/mypkg/mypkg.egg-info/top_level.txt
[0.494s] reading manifest file 'build/mypkg/mypkg.egg-info/SOURCES.txt'
[0.495s] writing manifest file 'build/mypkg/mypkg.egg-info/SOURCES.txt'
[0.495s] running build
[0.496s] running build_py
[0.496s] copying mypkg/listener.py -> /home/tomiyama/ros2_ws/src/mypkg/build/mypkg/build/lib/mypkg
[0.496s] running install
[0.496s] running install_lib
[0.497s] copying /home/tomiyama/ros2_ws/src/mypkg/build/mypkg/build/lib/mypkg/listener.py -> /home/tomiyama/ros2_ws/src/mypkg/install/mypkg/lib/python3.6/site-packages/mypkg
[0.497s] Sorry: IndentationError: unexpected indent (listener.py, line 5)
[0.498s] byte-compiling /home/tomiyama/ros2_ws/src/mypkg/install/mypkg/lib/python3.6/site-packages/mypkg/listener.py to listener.cpython-36.pyc
[0.498s] running install_data
[0.498s] copying package.xml -> /home/tomiyama/ros2_ws/src/mypkg/install/mypkg/share/mypkg
[0.498s] running install_egg_info
[0.499s] removing '/home/tomiyama/ros2_ws/src/mypkg/install/mypkg/lib/python3.6/site-packages/mypkg-0.0.0-py3.6.egg-info' (and everything under it)
[0.499s] Copying build/mypkg/mypkg.egg-info to /home/tomiyama/ros2_ws/src/mypkg/install/mypkg/lib/python3.6/site-packages/mypkg-0.0.0-py3.6.egg-info
[0.500s] running install_scripts
[0.516s] Installing listener script to /home/tomiyama/ros2_ws/src/mypkg/install/mypkg/lib/mypkg
[0.516s] Installing talker script to /home/tomiyama/ros2_ws/src/mypkg/install/mypkg/lib/mypkg
[0.516s] writing list of installed files to '/home/tomiyama/ros2_ws/src/mypkg/build/mypkg/install.log'
[0.530s] Invoked command in '/home/tomiyama/ros2_ws/src/mypkg' returned '0': PYTHONPATH=/home/tomiyama/ros2_ws/src/mypkg/install/mypkg/lib/python3.6/site-packages:${PYTHONPATH} /usr/bin/python3 setup.py egg_info --egg-base build/mypkg build --build-base /home/tomiyama/ros2_ws/src/mypkg/build/mypkg/build install --prefix /home/tomiyama/ros2_ws/src/mypkg/install/mypkg --record /home/tomiyama/ros2_ws/src/mypkg/build/mypkg/install.log --single-version-externally-managed
