[0.365s] Invoking command in '/home/tomiyama/ros2_ws/src/mypkg': PYTHONPATH=/home/tomiyama/ros2_ws/src/mypkg/install/mypkg/lib/python3.6/site-packages:${PYTHONPATH} /usr/bin/python3 setup.py egg_info --egg-base build/mypkg build --build-base /home/tomiyama/ros2_ws/src/mypkg/build/mypkg/build install --prefix /home/tomiyama/ros2_ws/src/mypkg/install/mypkg --record /home/tomiyama/ros2_ws/src/mypkg/build/mypkg/install.log --single-version-externally-managed
[0.486s] running egg_info
[0.487s] writing build/mypkg/mypkg.egg-info/PKG-INFO
[0.487s] writing dependency_links to build/mypkg/mypkg.egg-info/dependency_links.txt
[0.487s] writing entry points to build/mypkg/mypkg.egg-info/entry_points.txt
[0.488s] writing requirements to build/mypkg/mypkg.egg-info/requires.txt
[0.488s] writing top-level names to build/mypkg/mypkg.egg-info/top_level.txt
[0.508s] reading manifest file 'build/mypkg/mypkg.egg-info/SOURCES.txt'
[0.509s] writing manifest file 'build/mypkg/mypkg.egg-info/SOURCES.txt'
[0.509s] running build
[0.509s] running build_py
[0.509s] copying mypkg/talker.py -> /home/tomiyama/ros2_ws/src/mypkg/build/mypkg/build/lib/mypkg
[0.509s] running install
[0.510s] running install_lib
[0.510s] copying /home/tomiyama/ros2_ws/src/mypkg/build/mypkg/build/lib/mypkg/talker.py -> /home/tomiyama/ros2_ws/src/mypkg/install/mypkg/lib/python3.6/site-packages/mypkg
[0.510s] byte-compiling /home/tomiyama/ros2_ws/src/mypkg/install/mypkg/lib/python3.6/site-packages/mypkg/talker.py to talker.cpython-36.pyc
[0.511s] running install_data
[0.512s] copying launch/talk_listen.launch.py -> /home/tomiyama/ros2_ws/src/mypkg/install/mypkg/share/mypkg
[0.512s] running install_egg_info
[0.513s] removing '/home/tomiyama/ros2_ws/src/mypkg/install/mypkg/lib/python3.6/site-packages/mypkg-0.0.0-py3.6.egg-info' (and everything under it)
[0.513s] Copying build/mypkg/mypkg.egg-info to /home/tomiyama/ros2_ws/src/mypkg/install/mypkg/lib/python3.6/site-packages/mypkg-0.0.0-py3.6.egg-info
[0.514s] running install_scripts
[0.525s] Installing listener script to /home/tomiyama/ros2_ws/src/mypkg/install/mypkg/lib/mypkg
[0.525s] Installing talker script to /home/tomiyama/ros2_ws/src/mypkg/install/mypkg/lib/mypkg
[0.525s] writing list of installed files to '/home/tomiyama/ros2_ws/src/mypkg/build/mypkg/install.log'
[0.539s] Invoked command in '/home/tomiyama/ros2_ws/src/mypkg' returned '0': PYTHONPATH=/home/tomiyama/ros2_ws/src/mypkg/install/mypkg/lib/python3.6/site-packages:${PYTHONPATH} /usr/bin/python3 setup.py egg_info --egg-base build/mypkg build --build-base /home/tomiyama/ros2_ws/src/mypkg/build/mypkg/build install --prefix /home/tomiyama/ros2_ws/src/mypkg/install/mypkg --record /home/tomiyama/ros2_ws/src/mypkg/build/mypkg/install.log --single-version-externally-managed
