[0.349s] Invoking command in '/home/tomiyama/ros2_ws/src/mypkg': PYTHONPATH=/home/tomiyama/ros2_ws/src/mypkg/install/mypkg/lib/python3.6/site-packages:${PYTHONPATH} /usr/bin/python3 setup.py egg_info --egg-base build/mypkg build --build-base /home/tomiyama/ros2_ws/src/mypkg/build/mypkg/build install --prefix /home/tomiyama/ros2_ws/src/mypkg/install/mypkg --record /home/tomiyama/ros2_ws/src/mypkg/build/mypkg/install.log --single-version-externally-managed
[0.460s] running egg_info
[0.460s] writing build/mypkg/mypkg.egg-info/PKG-INFO
[0.460s] writing dependency_links to build/mypkg/mypkg.egg-info/dependency_links.txt
[0.460s] writing entry points to build/mypkg/mypkg.egg-info/entry_points.txt
[0.460s] writing requirements to build/mypkg/mypkg.egg-info/requires.txt
[0.461s] writing top-level names to build/mypkg/mypkg.egg-info/top_level.txt
[0.484s] reading manifest file 'build/mypkg/mypkg.egg-info/SOURCES.txt'
[0.485s] writing manifest file 'build/mypkg/mypkg.egg-info/SOURCES.txt'
[0.485s] running build
[0.485s] running build_py
[0.486s] running install
[0.486s] running install_lib
[0.486s] Sorry: IndentationError: unexpected indent (listener.py, line 5)
[0.487s] byte-compiling /home/tomiyama/ros2_ws/src/mypkg/install/mypkg/lib/python3.6/site-packages/mypkg/listener.py to listener.cpython-36.pyc
[0.487s] running install_data
[0.487s] copying package.xml -> /home/tomiyama/ros2_ws/src/mypkg/install/mypkg/share/mypkg
[0.487s] running install_egg_info
[0.488s] removing '/home/tomiyama/ros2_ws/src/mypkg/install/mypkg/lib/python3.6/site-packages/mypkg-0.0.0-py3.6.egg-info' (and everything under it)
[0.488s] Copying build/mypkg/mypkg.egg-info to /home/tomiyama/ros2_ws/src/mypkg/install/mypkg/lib/python3.6/site-packages/mypkg-0.0.0-py3.6.egg-info
[0.489s] running install_scripts
[0.499s] Installing listener script to /home/tomiyama/ros2_ws/src/mypkg/install/mypkg/lib/mypkg
[0.500s] Installing talker script to /home/tomiyama/ros2_ws/src/mypkg/install/mypkg/lib/mypkg
[0.500s] writing list of installed files to '/home/tomiyama/ros2_ws/src/mypkg/build/mypkg/install.log'
[0.514s] Invoked command in '/home/tomiyama/ros2_ws/src/mypkg' returned '0': PYTHONPATH=/home/tomiyama/ros2_ws/src/mypkg/install/mypkg/lib/python3.6/site-packages:${PYTHONPATH} /usr/bin/python3 setup.py egg_info --egg-base build/mypkg build --build-base /home/tomiyama/ros2_ws/src/mypkg/build/mypkg/build install --prefix /home/tomiyama/ros2_ws/src/mypkg/install/mypkg --record /home/tomiyama/ros2_ws/src/mypkg/build/mypkg/install.log --single-version-externally-managed
