[0.348s] Invoking command in '/home/tomiyama/ros2_ws/src/mypkg': PYTHONPATH=/home/tomiyama/ros2_ws/src/mypkg/install/mypkg/lib/python3.6/site-packages:${PYTHONPATH} /usr/bin/python3 setup.py egg_info --egg-base build/mypkg build --build-base /home/tomiyama/ros2_ws/src/mypkg/build/mypkg/build install --prefix /home/tomiyama/ros2_ws/src/mypkg/install/mypkg --record /home/tomiyama/ros2_ws/src/mypkg/build/mypkg/install.log --single-version-externally-managed
[0.470s] running egg_info
[0.470s] writing build/mypkg/mypkg.egg-info/PKG-INFO
[0.471s] writing dependency_links to build/mypkg/mypkg.egg-info/dependency_links.txt
[0.471s] writing entry points to build/mypkg/mypkg.egg-info/entry_points.txt
[0.471s] writing requirements to build/mypkg/mypkg.egg-info/requires.txt
[0.472s] writing top-level names to build/mypkg/mypkg.egg-info/top_level.txt
[0.490s] reading manifest file 'build/mypkg/mypkg.egg-info/SOURCES.txt'
[0.491s] writing manifest file 'build/mypkg/mypkg.egg-info/SOURCES.txt'
[0.491s] running build
[0.491s] running build_py
[0.492s] copying mypkg/talker.py -> /home/tomiyama/ros2_ws/src/mypkg/build/mypkg/build/lib/mypkg
[0.492s] running install
[0.492s] running install_lib
[0.492s] copying /home/tomiyama/ros2_ws/src/mypkg/build/mypkg/build/lib/mypkg/talker.py -> /home/tomiyama/ros2_ws/src/mypkg/install/mypkg/lib/python3.6/site-packages/mypkg
[0.492s] byte-compiling /home/tomiyama/ros2_ws/src/mypkg/install/mypkg/lib/python3.6/site-packages/mypkg/talker.py to talker.cpython-36.pyc
[0.493s] running install_data
[0.493s] copying package.xml -> /home/tomiyama/ros2_ws/src/mypkg/install/mypkg/share/mypkg
[0.493s] copying launch/talk_listen.launch.py -> /home/tomiyama/ros2_ws/src/mypkg/install/mypkg/share/mypkg
[0.493s] running install_egg_info
[0.494s] removing '/home/tomiyama/ros2_ws/src/mypkg/install/mypkg/lib/python3.6/site-packages/mypkg-0.0.0-py3.6.egg-info' (and everything under it)
[0.494s] Copying build/mypkg/mypkg.egg-info to /home/tomiyama/ros2_ws/src/mypkg/install/mypkg/lib/python3.6/site-packages/mypkg-0.0.0-py3.6.egg-info
[0.495s] running install_scripts
[0.510s] Installing listener script to /home/tomiyama/ros2_ws/src/mypkg/install/mypkg/lib/mypkg
[0.510s] Installing talker script to /home/tomiyama/ros2_ws/src/mypkg/install/mypkg/lib/mypkg
[0.510s] writing list of installed files to '/home/tomiyama/ros2_ws/src/mypkg/build/mypkg/install.log'
[0.525s] Invoked command in '/home/tomiyama/ros2_ws/src/mypkg' returned '0': PYTHONPATH=/home/tomiyama/ros2_ws/src/mypkg/install/mypkg/lib/python3.6/site-packages:${PYTHONPATH} /usr/bin/python3 setup.py egg_info --egg-base build/mypkg build --build-base /home/tomiyama/ros2_ws/src/mypkg/build/mypkg/build install --prefix /home/tomiyama/ros2_ws/src/mypkg/install/mypkg --record /home/tomiyama/ros2_ws/src/mypkg/build/mypkg/install.log --single-version-externally-managed
